android/app/build/intermediates/manifest_merge_blame_file/debug/manifest-merger-blame-debug-report.txt
1<?xml version="1.0" encoding="utf-8"?>
2<manifest xmlns:android="http://schemas.android.com/apk/res/android"
3    package="com.calendar"
4    android:versionCode="1"
5    android:versionName="1.0" >
6
7    <uses-sdk
8        android:minSdkVersion="19"
9        android:targetSdkVersion="29" />
10
11    <uses-permission android:name="android.permission.SYSTEM_ALERT_WINDOW" />
11-->src/debug/AndroidManifest.xml:5:5-77
11-->src/debug/AndroidManifest.xml:5:22-75
12    <uses-permission android:name="android.permission.INTERNET" />
12-->src/main/AndroidManifest.xml:5:5-67
12-->src/main/AndroidManifest.xml:5:22-64
13    <uses-permission android:name="android.permission.ACCESS_WIFI_STATE" />
13-->[com.facebook.flipper:flipper:0.54.0] AndroidManifest.xml:16:5-76
13-->[com.facebook.flipper:flipper:0.54.0] AndroidManifest.xml:16:22-73
14
15    <application
15-->src/main/AndroidManifest.xml:7:5-37:19
16        android:name="com.calendar.MainApplication"
16-->src/main/AndroidManifest.xml:8:9-40
17        android:allowBackup="false"
17-->src/main/AndroidManifest.xml:9:9-36
18        android:appComponentFactory="androidx.core.app.CoreComponentFactory"
18-->[androidx.core:core:1.3.0] AndroidManifest.xml:24:18-86
19        android:debuggable="true"
20        android:icon="@mipmap/ic_launcher"
20-->src/main/AndroidManifest.xml:10:9-43
21        android:label="@string/app_name"
21-->src/main/AndroidManifest.xml:11:9-41
22        android:roundIcon="@mipmap/ic_launcher_round"
22-->src/main/AndroidManifest.xml:12:9-54
23        android:theme="@style/AppTheme"
23-->src/main/AndroidManifest.xml:13:9-40
24        android:usesCleartextTraffic="true" >
24-->src/debug/AndroidManifest.xml:7:18-53
25        <receiver android:name="com.calendar.Widget" >
25-->src/main/AndroidManifest.xml:14:9-22:20
25-->src/main/AndroidManifest.xml:14:19-41
26            <intent-filter>
26-->src/main/AndroidManifest.xml:15:13-17:29
27                <action android:name="android.appwidget.action.APPWIDGET_UPDATE" />
27-->src/main/AndroidManifest.xml:16:17-84
27-->src/main/AndroidManifest.xml:16:25-81
28            </intent-filter>
29
30            <meta-data
30-->src/main/AndroidManifest.xml:19:13-21:55
31                android:name="android.appwidget.provider"
31-->src/main/AndroidManifest.xml:20:17-58
32                android:resource="@xml/widget_info" />
32-->src/main/AndroidManifest.xml:21:17-52
33        </receiver>
34
35        <activity
35-->src/main/AndroidManifest.xml:24:9-35:20
36            android:name="com.calendar.MainActivity"
36-->src/main/AndroidManifest.xml:25:13-41
37            android:configChanges="keyboard|keyboardHidden|orientation|screenSize|uiMode"
37-->src/main/AndroidManifest.xml:26:13-90
38            android:label="@string/app_name"
38-->src/main/AndroidManifest.xml:27:13-45
39            android:launchMode="singleTask"
39-->src/main/AndroidManifest.xml:28:13-44
40            android:windowSoftInputMode="adjustResize" >
40-->src/main/AndroidManifest.xml:29:13-55
41            <intent-filter>
41-->src/main/AndroidManifest.xml:30:13-34:29
42                <action android:name="android.intent.action.MAIN" />
42-->src/main/AndroidManifest.xml:31:17-69
42-->src/main/AndroidManifest.xml:31:25-66
43
44                <category android:name="android.intent.category.LAUNCHER" />
44-->src/main/AndroidManifest.xml:33:17-77
44-->src/main/AndroidManifest.xml:33:27-74
45            </intent-filter>
46        </activity>
47        <activity
47-->src/main/AndroidManifest.xml:36:9-86
48            android:name="com.facebook.react.devsupport.DevSettingsActivity"
48-->src/main/AndroidManifest.xml:36:19-83
49            android:exported="false" />
49-->[:react-native-navigation] AndroidManifest.xml:14:13-37
50    </application>
51
52</manifest>